[2026-03-13T19:26:19.113Z] createCheckoutSession started {
  "body": {
    "token": "eyJhbGciOiJIUzI1NiIsInR5cCI6IkpXVCJ9.eyJwcm9kdWN0cyI6W3sicHJvZHVjdF9pZCI6IkhPTUVfMDExIiwibmFtZSI6IkhhbmQgU2FuaXRpemVyIiwicHJpY2UiOjEwMCwicXVhbnRpdHkiOjEsImltYWdlIjoiL2ltYWdlcy9ncm9jZXJ5L1BlcnNvbmFsQ2FyZS9oYW5kX3Nhbml0aXplcl9ib3R0bGVfMDEwLmpwZyIsImJyYW5kIjoiR2VuZXJpYyIsInBhY2thZ2luZyI6eyJxdWFudGl0eSI6IjEiLCJ1bml0IjoiYm90dGxlIn19XSwidG90YWwiOiIxMDAuMDAiLCJpYXQiOjE3NzM0Mjk5NDMsImV4cCI6MTc3MzQzMzU0M30.xzI7bMOO31qrAlAB_GOj7QtdTh-bcx6piZkKsCNi_GY",
    "data": {
      "name": {
        "first": "Jemish",
        "last": "Dhameliya"
      },
      "email": "Djemisb4@gmail.com",
      "phone_number": "9313683554",
      "address": {
        "country": "India",
        "street": "Tys",
        "area": "Dhdjd",
        "city": "Djd",
        "state": "Dhds",
        "pincode": "946443"
      },
      "payment_method": "UPI"
    }
  }
}
[2026-03-13T19:26:19.119Z] Creating Razorpay order via Axios {
  "options": {
    "amount": 10000,
    "currency": "INR",
    "receipt": "OKC945"
  },
  "key_id": "dummy_key_id"
}
[2026-03-13T19:26:19.728Z] RAZORPAY API ERROR (AXIOS) {
  "message": "Request failed with status code 401",
  "response": {
    "error": {
      "description": "Authentication failed",
      "code": "BAD_REQUEST_ERROR"
    }
  }
}
[2026-03-13T19:32:45.740Z] Payments.js module loaded with Direct Axios Implementation 
[2026-03-13T19:33:38.093Z] Payments.js module loaded with Direct Axios Implementation 
[2026-03-30T15:24:13.626Z] Payments.js module loaded with Direct Axios Implementation 
[2026-04-11T05:47:08.590Z] Payments.js module loaded with Direct Axios Implementation 
[2026-04-12T12:52:24.531Z] Payments.js module loaded with Direct Axios Implementation 
[2026-04-13T03:36:23.389Z] Payments.js module loaded with Direct Axios Implementation 
[2026-04-13T03:41:31.473Z] Payments.js module loaded with Direct Axios Implementation 
[2026-04-13T06:48:28.546Z] Payments.js module loaded with Direct Axios Implementation 
[2026-04-13T06:59:26.392Z] Payments.js module loaded with Direct Axios Implementation 
